2017-06-18 16:54:10.625  INFO 14676 --- [main] com.loyalty.LoyaltyServiceApplication    : Starting LoyaltyServiceApplication on A2ML08370 with PID 14676 (C:\Users\m1010428\Documents\workspace-sts-working\Loyalty-WebService-Project\target\classes started by M1010428 in C:\Users\m1010428\Documents\workspace-sts-working\Loyalty-WebService-Project)
2017-06-18 16:54:10.630  INFO 14676 --- [main] com.loyalty.LoyaltyServiceApplication    : No active profile set, falling back to default profiles: default
2017-06-18 16:54:10.711  INFO 14676 --- [main] ationConfigEmbeddedWebApplicationContext : Refreshing org.springframework.boot.context.embedded.AnnotationConfigEmbeddedWebApplicationContext@3c066c23: startup date [Sun Jun 18 16:54:10 BST 2017]; root of context hierarchy
2017-06-18 16:54:12.145  INFO 14676 --- [main] trationDelegate$BeanPostProcessorChecker : Bean 'org.springframework.ws.config.annotation.DelegatingWsConfiguration' of type [org.springframework.ws.config.annotation.DelegatingWsConfiguration$$EnhancerBySpringCGLIB$$f4ac5b50] is not eligible for getting processed by all BeanPostProcessors (for example: not eligible for auto-proxying)
2017-06-18 16:54:12.193  INFO 14676 --- [main] .w.s.a.s.AnnotationActionEndpointMapping : Supporting [WS-Addressing August 2004, WS-Addressing 1.0]
2017-06-18 16:54:12.564  INFO 14676 --- [main] s.b.c.e.t.TomcatEmbeddedServletContainer : Tomcat initialized with port(s): 57678 (http)
2017-06-18 16:54:12.575  INFO 14676 --- [main] o.apache.catalina.core.StandardService   : Starting service Tomcat
2017-06-18 16:54:12.576  INFO 14676 --- [main] org.apache.catalina.core.StandardEngine  : Starting Servlet Engine: Apache Tomcat/8.5.14
2017-06-18 16:54:12.693  INFO 14676 --- [localhost-startStop-1] o.a.c.c.C.[Tomcat].[localhost].[/]       : Initializing Spring embedded WebApplicationContext
2017-06-18 16:54:12.693  INFO 14676 --- [localhost-startStop-1] o.s.web.context.ContextLoader            : Root WebApplicationContext: initialization completed in 1984 ms
2017-06-18 16:54:13.011  INFO 14676 --- [localhost-startStop-1] o.s.b.w.servlet.ServletRegistrationBean  : Mapping servlet: 'dispatcherServlet' to [/]
2017-06-18 16:54:13.014  INFO 14676 --- [localhost-startStop-1] o.s.b.w.servlet.ServletRegistrationBean  : Mapping servlet: 'messageDispatcherServlet' to [/services/*]
2017-06-18 16:54:13.021  INFO 14676 --- [localhost-startStop-1] o.s.b.w.servlet.FilterRegistrationBean   : Mapping filter: 'characterEncodingFilter' to: [/*]
2017-06-18 16:54:13.021  INFO 14676 --- [localhost-startStop-1] o.s.b.w.servlet.FilterRegistrationBean   : Mapping filter: 'hiddenHttpMethodFilter' to: [/*]
2017-06-18 16:54:13.022  INFO 14676 --- [localhost-startStop-1] o.s.b.w.servlet.FilterRegistrationBean   : Mapping filter: 'httpPutFormContentFilter' to: [/*]
2017-06-18 16:54:13.022  INFO 14676 --- [localhost-startStop-1] o.s.b.w.servlet.FilterRegistrationBean   : Mapping filter: 'requestContextFilter' to: [/*]
2017-06-18 16:54:13.935  INFO 14676 --- [main] org.mongodb.driver.cluster               : Cluster created with settings {hosts=[localhost:27017], mode=SINGLE, requiredClusterType=UNKNOWN, serverSelectionTimeout='30000 ms', maxWaitQueueSize=500}
2017-06-18 16:54:14.004  INFO 14676 --- [cluster-ClusterId{value='5946a22548eed7395431a5f9', description='null'}-localhost:27017] org.mongodb.driver.connection            : Opened connection [connectionId{localValue:1, serverValue:19}] to localhost:27017
2017-06-18 16:54:14.007  INFO 14676 --- [cluster-ClusterId{value='5946a22548eed7395431a5f9', description='null'}-localhost:27017] org.mongodb.driver.cluster               : Monitor thread successfully connected to server with description ServerDescription{address=localhost:27017, type=STANDALONE, state=CONNECTED, ok=true, version=ServerVersion{versionList=[3, 4, 5]}, minWireVersion=0, maxWireVersion=5, maxDocumentSize=16777216, roundTripTimeNanos=1007773}
2017-06-18 16:54:14.201  INFO 14676 --- [main] org.mongodb.driver.connection            : Opened connection [connectionId{localValue:2, serverValue:20}] to localhost:27017
2017-06-18 16:54:14.905  INFO 14676 --- [main] s.w.s.m.m.a.RequestMappingHandlerAdapter : Looking for @ControllerAdvice: org.springframework.boot.context.embedded.AnnotationConfigEmbeddedWebApplicationContext@3c066c23: startup date [Sun Jun 18 16:54:10 BST 2017]; root of context hierarchy
2017-06-18 16:54:15.004  INFO 14676 --- [main] s.w.s.m.m.a.RequestMappingHandlerMapping : Mapped "{[/customers],methods=[GET],produces=[application/json || application/xml]}" onto public java.util.List<com.loyalty.entity.Customer> com.loyalty.resource.CustomerController.getAllCustomers(java.lang.String,java.lang.String)
2017-06-18 16:54:15.009  INFO 14676 --- [main] s.w.s.m.m.a.RequestMappingHandlerMapping : Mapped "{[/customers],methods=[POST],produces=[application/json || application/xml]}" onto public com.loyalty.entity.Customer com.loyalty.resource.CustomerController.saveCustomer(com.loyalty.entity.Customer) throws com.loyalty.exception.ServiceException
2017-06-18 16:54:15.010  INFO 14676 --- [main] s.w.s.m.m.a.RequestMappingHandlerMapping : Mapped "{[/customers/{id}],methods=[GET],produces=[application/json || application/xml]}" onto public com.loyalty.entity.Customer com.loyalty.resource.CustomerController.getCustomer(java.lang.String)
2017-06-18 16:54:15.016  INFO 14676 --- [main] s.w.s.m.m.a.RequestMappingHandlerMapping : Mapped "{[/error]}" onto public org.springframework.http.ResponseEntity<java.util.Map<java.lang.String, java.lang.Object>> org.springframework.boot.autoconfigure.web.BasicErrorController.error(javax.servlet.http.HttpServletRequest)
2017-06-18 16:54:15.017  INFO 14676 --- [main] s.w.s.m.m.a.RequestMappingHandlerMapping : Mapped "{[/error],produces=[text/html]}" onto public org.springframework.web.servlet.ModelAndView org.springframework.boot.autoconfigure.web.BasicErrorController.errorHtml(javax.servlet.http.HttpServletRequest,javax.servlet.http.HttpServletResponse)
2017-06-18 16:54:15.069  INFO 14676 --- [main] o.s.w.s.handler.SimpleUrlHandlerMapping  : Mapped URL path [/webjars/**] onto handler of type [class org.springframework.web.servlet.resource.ResourceHttpRequestHandler]
2017-06-18 16:54:15.070  INFO 14676 --- [main] o.s.w.s.handler.SimpleUrlHandlerMapping  : Mapped URL path [/**] onto handler of type [class org.springframework.web.servlet.resource.ResourceHttpRequestHandler]
2017-06-18 16:54:15.096  INFO 14676 --- [main] .m.m.a.ExceptionHandlerExceptionResolver : Detected @ExceptionHandler methods in serviceExceptionHandler
2017-06-18 16:54:15.140  INFO 14676 --- [main] o.s.w.s.handler.SimpleUrlHandlerMapping  : Mapped URL path [/**/favicon.ico] onto handler of type [class org.springframework.web.servlet.resource.ResourceHttpRequestHandler]
2017-06-18 16:54:15.781  INFO 14676 --- [main] o.s.j.e.a.AnnotationMBeanExporter        : Registering beans for JMX exposure on startup
2017-06-18 16:54:15.869  INFO 14676 --- [main] s.b.c.e.t.TomcatEmbeddedServletContainer : Tomcat started on port(s): 57678 (http)
2017-06-18 16:54:15.877  INFO 14676 --- [main] com.loyalty.LoyaltyServiceApplication    : Started LoyaltyServiceApplication in 5.671 seconds (JVM running for 6.456)
2017-06-18 16:54:50.223  INFO 14676 --- [http-nio-57678-exec-1] o.a.c.c.C.[Tomcat].[localhost].[/]       : Initializing Spring FrameworkServlet 'dispatcherServlet'
2017-06-18 16:54:50.224  INFO 14676 --- [http-nio-57678-exec-1] o.s.web.servlet.DispatcherServlet        : FrameworkServlet 'dispatcherServlet': initialization started
2017-06-18 16:54:50.252  INFO 14676 --- [http-nio-57678-exec-1] o.s.web.servlet.DispatcherServlet        : FrameworkServlet 'dispatcherServlet': initialization completed in 28 ms
2017-06-18 16:54:50.313 DEBUG 14676 --- [http-nio-57678-exec-1] com.loyalty.resource.CustomerController  : Values provided in request. Country of Residence: UK Tier: Gold
2017-06-18 16:54:50.313 DEBUG 14676 --- [http-nio-57678-exec-1] com.loyalty.resource.CustomerController  : This is a debug message
2017-06-18 16:54:50.314  INFO 14676 --- [http-nio-57678-exec-1] com.loyalty.resource.CustomerController  : This is an info message
2017-06-18 16:54:50.314  WARN 14676 --- [http-nio-57678-exec-1] com.loyalty.resource.CustomerController  : This is a warn message
2017-06-18 16:54:50.314 ERROR 14676 --- [http-nio-57678-exec-1] com.loyalty.resource.CustomerController  : This is an error message
2017-06-19 09:23:09.714  INFO 10324 --- [main] com.loyalty.LoyaltyServiceApplication    : Starting LoyaltyServiceApplication on A2ML08370 with PID 10324 (C:\Users\m1010428\Documents\workspace-sts-working\Loyalty-WebService-Project\target\classes started by M1010428 in C:\Users\m1010428\Documents\workspace-sts-working\Loyalty-WebService-Project)
2017-06-19 09:23:09.720  INFO 10324 --- [main] com.loyalty.LoyaltyServiceApplication    : No active profile set, falling back to default profiles: default
2017-06-19 09:23:09.833  INFO 10324 --- [main] ationConfigEmbeddedWebApplicationContext : Refreshing org.springframework.boot.context.embedded.AnnotationConfigEmbeddedWebApplicationContext@5c9282ca: startup date [Mon Jun 19 09:23:09 BST 2017]; root of context hierarchy
2017-06-19 09:23:11.589  INFO 10324 --- [main] trationDelegate$BeanPostProcessorChecker : Bean 'org.springframework.ws.config.annotation.DelegatingWsConfiguration' of type [org.springframework.ws.config.annotation.DelegatingWsConfiguration$$EnhancerBySpringCGLIB$$413a1397] is not eligible for getting processed by all BeanPostProcessors (for example: not eligible for auto-proxying)
2017-06-19 09:23:11.647  INFO 10324 --- [main] .w.s.a.s.AnnotationActionEndpointMapping : Supporting [WS-Addressing August 2004, WS-Addressing 1.0]
2017-06-19 09:23:12.174  INFO 10324 --- [main] s.b.c.e.t.TomcatEmbeddedServletContainer : Tomcat initialized with port(s): 57678 (http)
2017-06-19 09:23:12.225  INFO 10324 --- [main] o.apache.catalina.core.StandardService   : Starting service Tomcat
2017-06-19 09:23:12.228  INFO 10324 --- [main] org.apache.catalina.core.StandardEngine  : Starting Servlet Engine: Apache Tomcat/8.5.14
2017-06-19 09:23:12.393  INFO 10324 --- [localhost-startStop-1] o.a.c.c.C.[Tomcat].[localhost].[/]       : Initializing Spring embedded WebApplicationContext
2017-06-19 09:23:12.394  INFO 10324 --- [localhost-startStop-1] o.s.web.context.ContextLoader            : Root WebApplicationContext: initialization completed in 2565 ms
2017-06-19 09:23:12.604  INFO 10324 --- [localhost-startStop-1] o.s.b.w.servlet.ServletRegistrationBean  : Mapping servlet: 'dispatcherServlet' to [/]
2017-06-19 09:23:12.605  INFO 10324 --- [localhost-startStop-1] o.s.b.w.servlet.ServletRegistrationBean  : Mapping servlet: 'messageDispatcherServlet' to [/services/*]
2017-06-19 09:23:12.609  INFO 10324 --- [localhost-startStop-1] o.s.b.w.servlet.FilterRegistrationBean   : Mapping filter: 'characterEncodingFilter' to: [/*]
2017-06-19 09:23:12.610  INFO 10324 --- [localhost-startStop-1] o.s.b.w.servlet.FilterRegistrationBean   : Mapping filter: 'hiddenHttpMethodFilter' to: [/*]
2017-06-19 09:23:12.610  INFO 10324 --- [localhost-startStop-1] o.s.b.w.servlet.FilterRegistrationBean   : Mapping filter: 'httpPutFormContentFilter' to: [/*]
2017-06-19 09:23:12.610  INFO 10324 --- [localhost-startStop-1] o.s.b.w.servlet.FilterRegistrationBean   : Mapping filter: 'requestContextFilter' to: [/*]
2017-06-19 09:23:13.428  INFO 10324 --- [main] org.mongodb.driver.cluster               : Cluster created with settings {hosts=[localhost:27017], mode=SINGLE, requiredClusterType=UNKNOWN, serverSelectionTimeout='30000 ms', maxWaitQueueSize=500}
2017-06-19 09:23:13.507  INFO 10324 --- [cluster-ClusterId{value='594789f12f600d285454b1c3', description='null'}-localhost:27017] org.mongodb.driver.connection            : Opened connection [connectionId{localValue:1, serverValue:23}] to localhost:27017
2017-06-19 09:23:13.510  INFO 10324 --- [cluster-ClusterId{value='594789f12f600d285454b1c3', description='null'}-localhost:27017] org.mongodb.driver.cluster               : Monitor thread successfully connected to server with description ServerDescription{address=localhost:27017, type=STANDALONE, state=CONNECTED, ok=true, version=ServerVersion{versionList=[3, 4, 5]}, minWireVersion=0, maxWireVersion=5, maxDocumentSize=16777216, roundTripTimeNanos=708165}
2017-06-19 09:23:13.712  INFO 10324 --- [main] org.mongodb.driver.connection            : Opened connection [connectionId{localValue:2, serverValue:24}] to localhost:27017
2017-06-19 09:23:14.447  INFO 10324 --- [main] s.w.s.m.m.a.RequestMappingHandlerAdapter : Looking for @ControllerAdvice: org.springframework.boot.context.embedded.AnnotationConfigEmbeddedWebApplicationContext@5c9282ca: startup date [Mon Jun 19 09:23:09 BST 2017]; root of context hierarchy
2017-06-19 09:23:14.562  INFO 10324 --- [main] s.w.s.m.m.a.RequestMappingHandlerMapping : Mapped "{[/customers],methods=[POST],produces=[application/json || application/xml]}" onto public com.loyalty.entity.Customer com.loyalty.resource.CustomerController.saveCustomer(com.loyalty.entity.Customer) throws com.loyalty.exception.ServiceException
2017-06-19 09:23:14.564  INFO 10324 --- [main] s.w.s.m.m.a.RequestMappingHandlerMapping : Mapped "{[/customers/{id}],methods=[GET],produces=[application/json || application/xml]}" onto public com.loyalty.entity.Customer com.loyalty.resource.CustomerController.getCustomer(java.lang.String)
2017-06-19 09:23:14.564  INFO 10324 --- [main] s.w.s.m.m.a.RequestMappingHandlerMapping : Mapped "{[/customers],methods=[GET],produces=[application/json || application/xml]}" onto public java.util.List<com.loyalty.entity.Customer> com.loyalty.resource.CustomerController.getAllCustomers(java.lang.String,java.lang.String)
2017-06-19 09:23:14.570  INFO 10324 --- [main] s.w.s.m.m.a.RequestMappingHandlerMapping : Mapped "{[/error]}" onto public org.springframework.http.ResponseEntity<java.util.Map<java.lang.String, java.lang.Object>> org.springframework.boot.autoconfigure.web.BasicErrorController.error(javax.servlet.http.HttpServletRequest)
2017-06-19 09:23:14.570  INFO 10324 --- [main] s.w.s.m.m.a.RequestMappingHandlerMapping : Mapped "{[/error],produces=[text/html]}" onto public org.springframework.web.servlet.ModelAndView org.springframework.boot.autoconfigure.web.BasicErrorController.errorHtml(javax.servlet.http.HttpServletRequest,javax.servlet.http.HttpServletResponse)
2017-06-19 09:23:14.624  INFO 10324 --- [main] o.s.w.s.handler.SimpleUrlHandlerMapping  : Mapped URL path [/webjars/**] onto handler of type [class org.springframework.web.servlet.resource.ResourceHttpRequestHandler]
2017-06-19 09:23:14.624  INFO 10324 --- [main] o.s.w.s.handler.SimpleUrlHandlerMapping  : Mapped URL path [/**] onto handler of type [class org.springframework.web.servlet.resource.ResourceHttpRequestHandler]
2017-06-19 09:23:14.650  INFO 10324 --- [main] .m.m.a.ExceptionHandlerExceptionResolver : Detected @ExceptionHandler methods in serviceExceptionHandler
2017-06-19 09:23:14.699  INFO 10324 --- [main] o.s.w.s.handler.SimpleUrlHandlerMapping  : Mapped URL path [/**/favicon.ico] onto handler of type [class org.springframework.web.servlet.resource.ResourceHttpRequestHandler]
2017-06-19 09:23:15.269  INFO 10324 --- [main] o.s.j.e.a.AnnotationMBeanExporter        : Registering beans for JMX exposure on startup
2017-06-19 09:23:15.410  INFO 10324 --- [main] s.b.c.e.t.TomcatEmbeddedServletContainer : Tomcat started on port(s): 57678 (http)
2017-06-19 09:23:15.419  INFO 10324 --- [main] com.loyalty.LoyaltyServiceApplication    : Started LoyaltyServiceApplication in 6.245 seconds (JVM running for 7.519)
2017-06-19 09:25:11.525  INFO 10324 --- [http-nio-57678-exec-1] o.a.c.c.C.[Tomcat].[localhost].[/]       : Initializing Spring FrameworkServlet 'dispatcherServlet'
2017-06-19 09:25:11.526  INFO 10324 --- [http-nio-57678-exec-1] o.s.web.servlet.DispatcherServlet        : FrameworkServlet 'dispatcherServlet': initialization started
2017-06-19 09:25:11.620  INFO 10324 --- [http-nio-57678-exec-1] o.s.web.servlet.DispatcherServlet        : FrameworkServlet 'dispatcherServlet': initialization completed in 94 ms
2017-06-19 09:25:11.666 DEBUG 10324 --- [http-nio-57678-exec-1] com.loyalty.resource.CustomerController  : Values provided in request. Country of Residence:  Tier: 
2017-06-19 09:25:16.039 DEBUG 10324 --- [http-nio-57678-exec-2] com.loyalty.resource.CustomerController  : Values provided in request. Country of Residence:  Tier: 
2017-06-19 09:25:40.260 DEBUG 10324 --- [http-nio-57678-exec-3] com.loyalty.resource.CustomerController  : Values provided in request. Country of Residence:  Tier: 
2017-06-19 09:25:44.817 DEBUG 10324 --- [http-nio-57678-exec-4] com.loyalty.resource.CustomerController  : Values provided in request. Country of Residence:  Tier: 
2017-06-19 09:29:56.345 DEBUG 10324 --- [http-nio-57678-exec-8] com.loyalty.resource.CustomerController  : Values provided in request. Country of Residence:  Tier: 
2017-06-19 09:31:56.839 DEBUG 10324 --- [http-nio-57678-exec-1] com.loyalty.resource.CustomerController  : Values provided in request. Country of Residence:  Tier: 
2017-06-19 09:32:06.131 DEBUG 10324 --- [http-nio-57678-exec-3] com.loyalty.resource.CustomerController  : Values provided in request. Country of Residence:  Tier: 
2017-06-19 09:32:15.264 DEBUG 10324 --- [http-nio-57678-exec-5] com.loyalty.resource.CustomerController  : Values provided in request. Country of Residence:  Tier: 
2017-06-19 09:38:29.562 DEBUG 10324 --- [http-nio-57678-exec-7] com.loyalty.resource.CustomerController  : Values provided in request. Country of Residence:  Tier: 
2017-06-19 09:39:16.704 DEBUG 10324 --- [http-nio-57678-exec-8] com.loyalty.resource.CustomerController  : Values provided in request. Country of Residence:  Tier: 
2017-06-19 09:45:53.227  INFO 12256 --- [main] com.loyalty.LoyaltyServiceApplication    : Starting LoyaltyServiceApplication on A2ML08370 with PID 12256 (C:\Users\m1010428\Documents\workspace-sts-working\Loyalty-WebService-Project\target\classes started by M1010428 in C:\Users\m1010428\Documents\workspace-sts-working\Loyalty-WebService-Project)
2017-06-19 09:45:53.233  INFO 12256 --- [main] com.loyalty.LoyaltyServiceApplication    : No active profile set, falling back to default profiles: default
2017-06-19 09:45:53.321  INFO 12256 --- [main] ationConfigEmbeddedWebApplicationContext : Refreshing org.springframework.boot.context.embedded.AnnotationConfigEmbeddedWebApplicationContext@41f4ced8: startup date [Mon Jun 19 09:45:53 BST 2017]; root of context hierarchy
2017-06-19 09:45:54.725  INFO 12256 --- [main] trationDelegate$BeanPostProcessorChecker : Bean 'org.springframework.ws.config.annotation.DelegatingWsConfiguration' of type [org.springframework.ws.config.annotation.DelegatingWsConfiguration$$EnhancerBySpringCGLIB$$1b0c16bb] is not eligible for getting processed by all BeanPostProcessors (for example: not eligible for auto-proxying)
2017-06-19 09:45:54.771  INFO 12256 --- [main] .w.s.a.s.AnnotationActionEndpointMapping : Supporting [WS-Addressing August 2004, WS-Addressing 1.0]
2017-06-19 09:45:55.133  INFO 12256 --- [main] s.b.c.e.t.TomcatEmbeddedServletContainer : Tomcat initialized with port(s): 57678 (http)
2017-06-19 09:45:55.144  INFO 12256 --- [main] o.apache.catalina.core.StandardService   : Starting service Tomcat
2017-06-19 09:45:55.146  INFO 12256 --- [main] org.apache.catalina.core.StandardEngine  : Starting Servlet Engine: Apache Tomcat/8.5.14
2017-06-19 09:45:55.263  INFO 12256 --- [localhost-startStop-1] o.a.c.c.C.[Tomcat].[localhost].[/]       : Initializing Spring embedded WebApplicationContext
2017-06-19 09:45:55.263  INFO 12256 --- [localhost-startStop-1] o.s.web.context.ContextLoader            : Root WebApplicationContext: initialization completed in 1944 ms
2017-06-19 09:45:55.513  INFO 12256 --- [localhost-startStop-1] o.s.b.w.servlet.ServletRegistrationBean  : Mapping servlet: 'dispatcherServlet' to [/]
2017-06-19 09:45:55.515  INFO 12256 --- [localhost-startStop-1] o.s.b.w.servlet.ServletRegistrationBean  : Mapping servlet: 'messageDispatcherServlet' to [/services/*]
2017-06-19 09:45:55.521  INFO 12256 --- [localhost-startStop-1] o.s.b.w.servlet.FilterRegistrationBean   : Mapping filter: 'characterEncodingFilter' to: [/*]
2017-06-19 09:45:55.522  INFO 12256 --- [localhost-startStop-1] o.s.b.w.servlet.FilterRegistrationBean   : Mapping filter: 'hiddenHttpMethodFilter' to: [/*]
2017-06-19 09:45:55.522  INFO 12256 --- [localhost-startStop-1] o.s.b.w.servlet.FilterRegistrationBean   : Mapping filter: 'httpPutFormContentFilter' to: [/*]
2017-06-19 09:45:55.522  INFO 12256 --- [localhost-startStop-1] o.s.b.w.servlet.FilterRegistrationBean   : Mapping filter: 'requestContextFilter' to: [/*]
2017-06-19 09:45:56.391  INFO 12256 --- [main] org.mongodb.driver.cluster               : Cluster created with settings {hosts=[localhost:27017], mode=SINGLE, requiredClusterType=UNKNOWN, serverSelectionTimeout='30000 ms', maxWaitQueueSize=500}
2017-06-19 09:45:56.452  INFO 12256 --- [cluster-ClusterId{value='59478f442f600d2fe0a02aa0', description='null'}-localhost:27017] org.mongodb.driver.connection            : Opened connection [connectionId{localValue:1, serverValue:25}] to localhost:27017
2017-06-19 09:45:56.454  INFO 12256 --- [cluster-ClusterId{value='59478f442f600d2fe0a02aa0', description='null'}-localhost:27017] org.mongodb.driver.cluster               : Monitor thread successfully connected to server with description ServerDescription{address=localhost:27017, type=STANDALONE, state=CONNECTED, ok=true, version=ServerVersion{versionList=[3, 4, 5]}, minWireVersion=0, maxWireVersion=5, maxDocumentSize=16777216, roundTripTimeNanos=787902}
2017-06-19 09:45:56.641  INFO 12256 --- [main] org.mongodb.driver.connection            : Opened connection [connectionId{localValue:2, serverValue:26}] to localhost:27017
2017-06-19 09:45:57.338  INFO 12256 --- [main] s.w.s.m.m.a.RequestMappingHandlerAdapter : Looking for @ControllerAdvice: org.springframework.boot.context.embedded.AnnotationConfigEmbeddedWebApplicationContext@41f4ced8: startup date [Mon Jun 19 09:45:53 BST 2017]; root of context hierarchy
2017-06-19 09:45:57.452  INFO 12256 --- [main] s.w.s.m.m.a.RequestMappingHandlerMapping : Mapped "{[/customers],methods=[GET],produces=[application/json || application/xml]}" onto public java.util.List<com.loyalty.entity.Customer> com.loyalty.resource.CustomerController.getAllCustomers(java.lang.String,java.lang.String)
2017-06-19 09:45:57.456  INFO 12256 --- [main] s.w.s.m.m.a.RequestMappingHandlerMapping : Mapped "{[/customers/{id}],methods=[GET],produces=[application/json || application/xml]}" onto public com.loyalty.entity.Customer com.loyalty.resource.CustomerController.getCustomer(java.lang.String)
2017-06-19 09:45:57.457  INFO 12256 --- [main] s.w.s.m.m.a.RequestMappingHandlerMapping : Mapped "{[/customers],methods=[POST],produces=[application/json || application/xml]}" onto public com.loyalty.entity.Customer com.loyalty.resource.CustomerController.saveCustomer(com.loyalty.entity.Customer) throws com.loyalty.exception.ServiceException
2017-06-19 09:45:57.461  INFO 12256 --- [main] s.w.s.m.m.a.RequestMappingHandlerMapping : Mapped "{[/error]}" onto public org.springframework.http.ResponseEntity<java.util.Map<java.lang.String, java.lang.Object>> org.springframework.boot.autoconfigure.web.BasicErrorController.error(javax.servlet.http.HttpServletRequest)
2017-06-19 09:45:57.462  INFO 12256 --- [main] s.w.s.m.m.a.RequestMappingHandlerMapping : Mapped "{[/error],produces=[text/html]}" onto public org.springframework.web.servlet.ModelAndView org.springframework.boot.autoconfigure.web.BasicErrorController.errorHtml(javax.servlet.http.HttpServletRequest,javax.servlet.http.HttpServletResponse)
2017-06-19 09:45:57.525  INFO 12256 --- [main] o.s.w.s.handler.SimpleUrlHandlerMapping  : Mapped URL path [/webjars/**] onto handler of type [class org.springframework.web.servlet.resource.ResourceHttpRequestHandler]
2017-06-19 09:45:57.525  INFO 12256 --- [main] o.s.w.s.handler.SimpleUrlHandlerMapping  : Mapped URL path [/**] onto handler of type [class org.springframework.web.servlet.resource.ResourceHttpRequestHandler]
2017-06-19 09:45:57.564  INFO 12256 --- [main] .m.m.a.ExceptionHandlerExceptionResolver : Detected @ExceptionHandler methods in serviceExceptionHandler
2017-06-19 09:45:57.604  INFO 12256 --- [main] o.s.w.s.handler.SimpleUrlHandlerMapping  : Mapped URL path [/**/favicon.ico] onto handler of type [class org.springframework.web.servlet.resource.ResourceHttpRequestHandler]
2017-06-19 09:45:58.155  INFO 12256 --- [main] o.s.j.e.a.AnnotationMBeanExporter        : Registering beans for JMX exposure on startup
2017-06-19 09:45:58.236  INFO 12256 --- [main] s.b.c.e.t.TomcatEmbeddedServletContainer : Tomcat started on port(s): 57678 (http)
2017-06-19 09:45:58.242  INFO 12256 --- [main] com.loyalty.LoyaltyServiceApplication    : Started LoyaltyServiceApplication in 5.414 seconds (JVM running for 6.176)
2017-06-19 09:46:05.329  INFO 12256 --- [http-nio-57678-exec-1] o.a.c.c.C.[Tomcat].[localhost].[/]       : Initializing Spring FrameworkServlet 'dispatcherServlet'
2017-06-19 09:46:05.330  INFO 12256 --- [http-nio-57678-exec-1] o.s.web.servlet.DispatcherServlet        : FrameworkServlet 'dispatcherServlet': initialization started
2017-06-19 09:46:05.352  INFO 12256 --- [http-nio-57678-exec-1] o.s.web.servlet.DispatcherServlet        : FrameworkServlet 'dispatcherServlet': initialization completed in 22 ms
2017-06-19 09:46:30.517 DEBUG 12256 --- [http-nio-57678-exec-5] com.loyalty.resource.CustomerController  : Values provided in request. Country of Residence:  Tier: 
2017-06-19 09:47:03.436 DEBUG 12256 --- [http-nio-57678-exec-7] com.loyalty.resource.CustomerController  : Values provided in request. Country of Residence:  Tier: 
2017-06-19 16:10:55.827  INFO 2472 --- [main] com.loyalty.LoyaltyServiceApplication    : Starting LoyaltyServiceApplication on A2ML08370 with PID 2472 (C:\Users\m1010428\Documents\workspace-sts-working\Loyalty-WebService-Project\target\classes started by M1010428 in C:\Users\m1010428\Documents\workspace-sts-working\Loyalty-WebService-Project)
2017-06-19 16:10:55.832  INFO 2472 --- [main] com.loyalty.LoyaltyServiceApplication    : No active profile set, falling back to default profiles: default
2017-06-19 16:10:55.923  INFO 2472 --- [main] ationConfigEmbeddedWebApplicationContext : Refreshing org.springframework.boot.context.embedded.AnnotationConfigEmbeddedWebApplicationContext@66720ae: startup date [Mon Jun 19 16:10:55 BST 2017]; root of context hierarchy
2017-06-19 16:10:57.497  INFO 2472 --- [main] trationDelegate$BeanPostProcessorChecker : Bean 'org.springframework.ws.config.annotation.DelegatingWsConfiguration' of type [org.springframework.ws.config.annotation.DelegatingWsConfiguration$$EnhancerBySpringCGLIB$$e2099bf5] is not eligible for getting processed by all BeanPostProcessors (for example: not eligible for auto-proxying)
2017-06-19 16:10:57.565  INFO 2472 --- [main] .w.s.a.s.AnnotationActionEndpointMapping : Supporting [WS-Addressing August 2004, WS-Addressing 1.0]
2017-06-19 16:10:57.968  INFO 2472 --- [main] s.b.c.e.t.TomcatEmbeddedServletContainer : Tomcat initialized with port(s): 57678 (http)
2017-06-19 16:10:57.981  INFO 2472 --- [main] o.apache.catalina.core.StandardService   : Starting service Tomcat
2017-06-19 16:10:57.982  INFO 2472 --- [main] org.apache.catalina.core.StandardEngine  : Starting Servlet Engine: Apache Tomcat/8.5.14
2017-06-19 16:10:58.110  INFO 2472 --- [localhost-startStop-1] o.a.c.c.C.[Tomcat].[localhost].[/]       : Initializing Spring embedded WebApplicationContext
2017-06-19 16:10:58.110  INFO 2472 --- [localhost-startStop-1] o.s.web.context.ContextLoader            : Root WebApplicationContext: initialization completed in 2190 ms
2017-06-19 16:10:58.327  INFO 2472 --- [localhost-startStop-1] o.s.b.w.servlet.ServletRegistrationBean  : Mapping servlet: 'dispatcherServlet' to [/]
2017-06-19 16:10:58.329  INFO 2472 --- [localhost-startStop-1] o.s.b.w.servlet.ServletRegistrationBean  : Mapping servlet: 'messageDispatcherServlet' to [/services/*]
2017-06-19 16:10:58.333  INFO 2472 --- [localhost-startStop-1] o.s.b.w.servlet.FilterRegistrationBean   : Mapping filter: 'characterEncodingFilter' to: [/*]
2017-06-19 16:10:58.334  INFO 2472 --- [localhost-startStop-1] o.s.b.w.servlet.FilterRegistrationBean   : Mapping filter: 'hiddenHttpMethodFilter' to: [/*]
2017-06-19 16:10:58.334  INFO 2472 --- [localhost-startStop-1] o.s.b.w.servlet.FilterRegistrationBean   : Mapping filter: 'httpPutFormContentFilter' to: [/*]
2017-06-19 16:10:58.334  INFO 2472 --- [localhost-startStop-1] o.s.b.w.servlet.FilterRegistrationBean   : Mapping filter: 'requestContextFilter' to: [/*]
2017-06-19 16:10:59.201  INFO 2472 --- [main] org.mongodb.driver.cluster               : Cluster created with settings {hosts=[localhost:27017], mode=SINGLE, requiredClusterType=UNKNOWN, serverSelectionTimeout='30000 ms', maxWaitQueueSize=500}
2017-06-19 16:10:59.312  INFO 2472 --- [cluster-ClusterId{value='5947e9832f600d09a896a83c', description='null'}-localhost:27017] org.mongodb.driver.connection            : Opened connection [connectionId{localValue:1, serverValue:27}] to localhost:27017
2017-06-19 16:10:59.315  INFO 2472 --- [cluster-ClusterId{value='5947e9832f600d09a896a83c', description='null'}-localhost:27017] org.mongodb.driver.cluster               : Monitor thread successfully connected to server with description ServerDescription{address=localhost:27017, type=STANDALONE, state=CONNECTED, ok=true, version=ServerVersion{versionList=[3, 4, 5]}, minWireVersion=0, maxWireVersion=5, maxDocumentSize=16777216, roundTripTimeNanos=1130932}
2017-06-19 16:10:59.500  INFO 2472 --- [main] org.mongodb.driver.connection            : Opened connection [connectionId{localValue:2, serverValue:28}] to localhost:27017
2017-06-19 16:11:00.240  INFO 2472 --- [main] s.w.s.m.m.a.RequestMappingHandlerAdapter : Looking for @ControllerAdvice: org.springframework.boot.context.embedded.AnnotationConfigEmbeddedWebApplicationContext@66720ae: startup date [Mon Jun 19 16:10:55 BST 2017]; root of context hierarchy
2017-06-19 16:11:00.363  INFO 2472 --- [main] s.w.s.m.m.a.RequestMappingHandlerMapping : Mapped "{[/customers/{id}],methods=[GET],produces=[application/json || application/xml]}" onto public com.loyalty.entity.Customer com.loyalty.resource.CustomerController.getCustomer(java.lang.String)
2017-06-19 16:11:00.371  INFO 2472 --- [main] s.w.s.m.m.a.RequestMappingHandlerMapping : Mapped "{[/customers],methods=[POST],produces=[application/json || application/xml]}" onto public com.loyalty.entity.Customer com.loyalty.resource.CustomerController.saveCustomer(com.loyalty.entity.Customer) throws com.loyalty.exception.ServiceException
2017-06-19 16:11:00.372  INFO 2472 --- [main] s.w.s.m.m.a.RequestMappingHandlerMapping : Mapped "{[/customers],methods=[GET],produces=[application/json || application/xml]}" onto public java.util.List<com.loyalty.entity.Customer> com.loyalty.resource.CustomerController.getAllCustomers(java.lang.String,java.lang.String)
2017-06-19 16:11:00.378  INFO 2472 --- [main] s.w.s.m.m.a.RequestMappingHandlerMapping : Mapped "{[/error]}" onto public org.springframework.http.ResponseEntity<java.util.Map<java.lang.String, java.lang.Object>> org.springframework.boot.autoconfigure.web.BasicErrorController.error(javax.servlet.http.HttpServletRequest)
2017-06-19 16:11:00.378  INFO 2472 --- [main] s.w.s.m.m.a.RequestMappingHandlerMapping : Mapped "{[/error],produces=[text/html]}" onto public org.springframework.web.servlet.ModelAndView org.springframework.boot.autoconfigure.web.BasicErrorController.errorHtml(javax.servlet.http.HttpServletRequest,javax.servlet.http.HttpServletResponse)
2017-06-19 16:11:00.435  INFO 2472 --- [main] o.s.w.s.handler.SimpleUrlHandlerMapping  : Mapped URL path [/webjars/**] onto handler of type [class org.springframework.web.servlet.resource.ResourceHttpRequestHandler]
2017-06-19 16:11:00.436  INFO 2472 --- [main] o.s.w.s.handler.SimpleUrlHandlerMapping  : Mapped URL path [/**] onto handler of type [class org.springframework.web.servlet.resource.ResourceHttpRequestHandler]
2017-06-19 16:11:00.467  INFO 2472 --- [main] .m.m.a.ExceptionHandlerExceptionResolver : Detected @ExceptionHandler methods in serviceExceptionHandler
2017-06-19 16:11:00.512  INFO 2472 --- [main] o.s.w.s.handler.SimpleUrlHandlerMapping  : Mapped URL path [/**/favicon.ico] onto handler of type [class org.springframework.web.servlet.resource.ResourceHttpRequestHandler]
2017-06-19 16:11:01.148  INFO 2472 --- [main] o.s.j.e.a.AnnotationMBeanExporter        : Registering beans for JMX exposure on startup
2017-06-19 16:11:01.243  INFO 2472 --- [main] s.b.c.e.t.TomcatEmbeddedServletContainer : Tomcat started on port(s): 57678 (http)
2017-06-19 16:11:01.251  INFO 2472 --- [main] com.loyalty.LoyaltyServiceApplication    : Started LoyaltyServiceApplication in 5.887 seconds (JVM running for 6.796)
2017-06-19 16:11:20.023  INFO 2472 --- [http-nio-57678-exec-1] o.a.c.c.C.[Tomcat].[localhost].[/]       : Initializing Spring FrameworkServlet 'dispatcherServlet'
2017-06-19 16:11:20.023  INFO 2472 --- [http-nio-57678-exec-1] o.s.web.servlet.DispatcherServlet        : FrameworkServlet 'dispatcherServlet': initialization started
2017-06-19 16:11:20.045  INFO 2472 --- [http-nio-57678-exec-1] o.s.web.servlet.DispatcherServlet        : FrameworkServlet 'dispatcherServlet': initialization completed in 21 ms
2017-06-19 16:11:20.130 DEBUG 2472 --- [http-nio-57678-exec-1] com.loyalty.resource.CustomerController  : Values provided in request. Country of Residence:  Tier: 
2017-06-19 16:11:57.426 DEBUG 2472 --- [http-nio-57678-exec-8] com.loyalty.resource.CustomerController  : Save Customer
2017-06-19 16:12:13.097 DEBUG 2472 --- [http-nio-57678-exec-2] com.loyalty.resource.CustomerController  : Customer_Id:5947e9bd2f600d09a896a83d
